<?xml version="1.0" encoding="UTF-8"?>
<testng-results ignored="0" total="3" passed="3" failed="0" skipped="0">
  <reporter-output>
    <line>
      <![CDATA[A]]>
    </line>
    <line>
      <![CDATA[]]>
    </line>
    <line>
      <![CDATA[B]]>
    </line>
  </reporter-output>
  <suite started-at="2025-02-10T21:20:21 IST" name="Default suite" finished-at="2025-02-10T21:20:21 IST" duration-ms="67">
    <groups>
    </groups>
    <test started-at="2025-02-10T21:20:21 IST" name="Default test" finished-at="2025-02-10T21:20:21 IST" duration-ms="67">
      <class name="vtiger.Priority">
        <test-method signature="a()[pri:-2, instance:vtiger.Priority@3febb011]" started-at="2025-02-10T21:20:21 IST" name="a" finished-at="2025-02-10T21:20:21 IST" duration-ms="14" status="PASS">
          <reporter-output>
            <line>
              <![CDATA[A]]>
            </line>
          </reporter-output>
        </test-method> <!-- a -->
        <test-method signature="c()[pri:-1, instance:vtiger.Priority@3febb011]" started-at="2025-02-10T21:20:21 IST" name="c" finished-at="2025-02-10T21:20:21 IST" duration-ms="5" status="PASS">
          <reporter-output>
            <line>
              <![CDATA[]]>
            </line>
          </reporter-output>
        </test-method> <!-- c -->
        <test-method signature="b()[pri:0, instance:vtiger.Priority@3febb011]" started-at="2025-02-10T21:20:21 IST" name="b" finished-at="2025-02-10T21:20:21 IST" duration-ms="3" status="PASS">
          <reporter-output>
            <line>
              <![CDATA[B]]>
            </line>
          </reporter-output>
        </test-method> <!-- b -->
      </class> <!-- vtiger.Priority -->
    </test> <!-- Default test -->
  </suite> <!-- Default suite -->
</testng-results>
